0 info it worked if it ends with ok
1 verbose cli [ '/usr/local/bin/node', '/usr/local/bin/npm', 'run', 'build' ]
2 info using npm@3.10.10
3 info using node@v6.11.2
4 verbose run-script [ 'prebuild', 'build', 'postbuild' ]
5 info lifecycle CodeKL_Barber@~prebuild: CodeKL_Barber@
6 silly lifecycle CodeKL_Barber@~prebuild: no script for prebuild, continuing
7 info lifecycle CodeKL_Barber@~build: CodeKL_Barber@
8 verbose lifecycle CodeKL_Barber@~build: unsafe-perm in lifecycle true
9 verbose lifecycle CodeKL_Barber@~build: PATH: /usr/local/lib/node_modules/npm/bin/node-gyp-bin:/Users/officemobile/Documents/GitHubRepo/Barber/node_modules/.bin:/usr/local/bin:/usr/local/mysql/bin:/Applications/Postgres.app/Contents/Versions/9.6/bin:/usr/local/bin:/usr/bin:/bin:/usr/sbin:/sbin:/opt/X11/bin:/usr/local/MacGPG2/bin:/Library/Frameworks/Mono.framework/Versions/Current/Commands
10 verbose lifecycle CodeKL_Barber@~build: CWD: /Users/officemobile/Documents/GitHubRepo/Barber
11 silly lifecycle CodeKL_Barber@~build: Args: [ '-c', 'ionic-app-scripts build' ]
12 silly lifecycle CodeKL_Barber@~build: Returned: code: 126  signal: null
13 info lifecycle CodeKL_Barber@~build: Failed to exec build script
14 verbose stack Error: CodeKL_Barber@ build: `ionic-app-scripts build`
14 verbose stack Exit status 126
14 verbose stack     at EventEmitter.<anonymous> (/usr/local/lib/node_modules/npm/lib/utils/lifecycle.js:255:16)
14 verbose stack     at emitTwo (events.js:106:13)
14 verbose stack     at EventEmitter.emit (events.js:191:7)
14 verbose stack     at ChildProcess.<anonymous> (/usr/local/lib/node_modules/npm/lib/utils/spawn.js:40:14)
14 verbose stack     at emitTwo (events.js:106:13)
14 verbose stack     at ChildProcess.emit (events.js:191:7)
14 verbose stack     at maybeClose (internal/child_process.js:891:16)
14 verbose stack     at Process.ChildProcess._handle.onexit (internal/child_process.js:226:5)
15 verbose pkgid CodeKL_Barber@
16 verbose cwd /Users/officemobile/Documents/GitHubRepo/Barber
17 error Darwin 16.0.0
18 error argv "/usr/local/bin/node" "/usr/local/bin/npm" "run" "build"
19 error node v6.11.2
20 error npm  v3.10.10
21 error code ELIFECYCLE
22 error CodeKL_Barber@ build: `ionic-app-scripts build`
22 error Exit status 126
23 error Failed at the CodeKL_Barber@ build script 'ionic-app-scripts build'.
23 error Make sure you have the latest version of node.js and npm installed.
23 error If you do, this is most likely a problem with the CodeKL_Barber package,
23 error not with npm itself.
23 error Tell the author that this fails on your system:
23 error     ionic-app-scripts build
23 error You can get information on how to open an issue for this project with:
23 error     npm bugs CodeKL_Barber
23 error Or if that isn't available, you can get their info via:
23 error     npm owner ls CodeKL_Barber
23 error There is likely additional logging output above.
24 verbose exit [ 1, true ]
